Temp/gradleOut/launcher/build/intermediates/manifest_merge_blame_file/release/manifest-merger-blame-release-report.txt
1<?xml version="1.0" encoding="utf-8"?>
2<!-- GENERATED BY UNITY. REMOVE THIS COMMENT TO PREVENT OVERWRITING WHEN EXPORTING AGAIN -->
3<manifest xmlns:android="http://schemas.android.com/apk/res/android"
4    package="com.DefaultCompany.ZombieGame"
5    android:installLocation="preferExternal"
6    android:versionCode="1"
7    android:versionName="0.1" >
8
9    <uses-sdk
10        android:minSdkVersion="19"
10-->src\main\AndroidManifest.xml
11        android:targetSdkVersion="29" />
11-->src\main\AndroidManifest.xml
12
13    <supports-screens
13-->src\main\AndroidManifest.xml:4:3-163
14        android:anyDensity="true"
14-->src\main\AndroidManifest.xml:4:135-160
15        android:largeScreens="true"
15-->src\main\AndroidManifest.xml:4:78-105
16        android:normalScreens="true"
16-->src\main\AndroidManifest.xml:4:49-77
17        android:smallScreens="true"
17-->src\main\AndroidManifest.xml:4:21-48
18        android:xlargeScreens="true" />
18-->src\main\AndroidManifest.xml:4:106-134
19
20    <uses-feature android:glEsVersion="0x00020000" />
20-->[:unityLibrary] AndroidManifest.xml:13:5-54
20-->[:unityLibrary] AndroidManifest.xml:13:19-51
21    <uses-feature
21-->[:unityLibrary] AndroidManifest.xml:14:5-16:36
22        android:name="android.hardware.touchscreen"
22-->[:unityLibrary] AndroidManifest.xml:15:9-52
23        android:required="false" />
23-->[:unityLibrary] AndroidManifest.xml:16:9-33
24    <uses-feature
24-->[:unityLibrary] AndroidManifest.xml:17:5-19:36
25        android:name="android.hardware.touchscreen.multitouch"
25-->[:unityLibrary] AndroidManifest.xml:18:9-63
26        android:required="false" />
26-->[:unityLibrary] AndroidManifest.xml:19:9-33
27    <uses-feature
27-->[:unityLibrary] AndroidManifest.xml:20:5-22:36
28        android:name="android.hardware.touchscreen.multitouch.distinct"
28-->[:unityLibrary] AndroidManifest.xml:21:9-72
29        android:required="false" />
29-->[:unityLibrary] AndroidManifest.xml:22:9-33
30
31    <application
31-->src\main\AndroidManifest.xml:5:3-154
32        android:banner="@drawable/app_banner"
32-->src\main\AndroidManifest.xml:5:114-151
33        android:extractNativeLibs="true"
33-->src\main\AndroidManifest.xml:5:16-48
34        android:icon="@mipmap/app_icon"
34-->src\main\AndroidManifest.xml:5:82-113
35        android:isGame="true"
35-->[:unityLibrary] AndroidManifest.xml:24:18-39
36        android:label="@string/app_name" >
36-->src\main\AndroidManifest.xml:5:49-81
37        <activity
37-->[:unityLibrary] AndroidManifest.xml:25:9-42:20
38            android:name="com.unity3d.player.UnityPlayerActivity"
38-->[:unityLibrary] AndroidManifest.xml:26:13-66
39            android:configChanges="mcc|mnc|locale|touchscreen|keyboard|keyboardHidden|navigation|orientation|screenLayout|uiMode|screenSize|smallestScreenSize|fontScale|layoutDirection|density"
39-->[:unityLibrary] AndroidManifest.xml:27:13-194
40            android:hardwareAccelerated="false"
40-->[:unityLibrary] AndroidManifest.xml:28:13-48
41            android:launchMode="singleTask"
41-->[:unityLibrary] AndroidManifest.xml:29:13-44
42            android:screenOrientation="fullSensor"
42-->[:unityLibrary] AndroidManifest.xml:30:13-51
43            android:theme="@style/UnityThemeSelector" >
43-->[:unityLibrary] AndroidManifest.xml:31:13-54
44            <intent-filter>
44-->[:unityLibrary] AndroidManifest.xml:32:13-37:29
45                <action android:name="android.intent.action.MAIN" />
45-->[:unityLibrary] AndroidManifest.xml:33:17-69
45-->[:unityLibrary] AndroidManifest.xml:33:25-66
46
47                <category android:name="android.intent.category.LAUNCHER" />
47-->[:unityLibrary] AndroidManifest.xml:35:17-77
47-->[:unityLibrary] AndroidManifest.xml:35:27-74
48                <category android:name="android.intent.category.LEANBACK_LAUNCHER" />
48-->[:unityLibrary] AndroidManifest.xml:36:17-86
48-->[:unityLibrary] AndroidManifest.xml:36:27-83
49            </intent-filter>
50
51            <meta-data
51-->[:unityLibrary] AndroidManifest.xml:39:13-41:40
52                android:name="unityplayer.UnityActivity"
52-->[:unityLibrary] AndroidManifest.xml:40:17-57
53                android:value="true" />
53-->[:unityLibrary] AndroidManifest.xml:41:17-37
54        </activity>
55
56        <meta-data
56-->[:unityLibrary] AndroidManifest.xml:44:9-46:33
57            android:name="unity.splash-mode"
57-->[:unityLibrary] AndroidManifest.xml:45:13-45
58            android:value="0" />
58-->[:unityLibrary] AndroidManifest.xml:46:13-30
59        <meta-data
59-->[:unityLibrary] AndroidManifest.xml:47:9-49:36
60            android:name="unity.splash-enable"
60-->[:unityLibrary] AndroidManifest.xml:48:13-47
61            android:value="True" />
61-->[:unityLibrary] AndroidManifest.xml:49:13-33
62        <meta-data
62-->[:unityLibrary] AndroidManifest.xml:50:9-52:68
63            android:name="unity.build-id"
63-->[:unityLibrary] AndroidManifest.xml:51:13-42
64            android:value="21c51758-7262-4a4b-90f6-69e7eab01ffd" />
64-->[:unityLibrary] AndroidManifest.xml:52:13-65
65    </application>
66
67</manifest>